# JRE version: OpenJDK Runtime Environment (8.0_242-b01) (build 1.8.0_242-release-1644-b01)
# Java VM: OpenJDK 64-Bit Server VM (25.242-b01 mixed mode windows-amd64 compressed oops)
Heap:
 PSYoungGen      total 113664K, used 26905K [0x00000000d5580000, 0x00000000dd000000, 0x0000000100000000)
  eden space 101888K, 19% used [0x00000000d5580000,0x00000000d691d9e8,0x00000000db900000)
  from space 11776K, 57% used [0x00000000db900000,0x00000000dbfa8a18,0x00000000dc480000)
  to   space 10752K, 0% used [0x00000000dc580000,0x00000000dc580000,0x00000000dd000000)
 ParOldGen       total 46592K, used 15184K [0x0000000080000000, 0x0000000082d80000, 0x00000000d5580000)
  object space 46592K, 32% used [0x0000000080000000,0x0000000080ed4178,0x0000000082d80000)
 Metaspace       used 37878K, capacity 39508K, committed 39720K, reserved 1083392K
  class space    used 5213K, capacity 5601K, committed 5680K, reserved 1048576K
GC Heap History (10 events):
Event: 7.967 GC heap before
{Heap before GC invocations=9 (full 1):
 PSYoungGen      total 76800K, used 66048K [0x00000000d5580000, 0x00000000dab80000, 0x0000000100000000)
  eden space 66048K, 100% used [0x00000000d5580000,0x00000000d9600000,0x00000000d9600000)
  from space 10752K, 0% used [0x00000000d9600000,0x00000000d9600000,0x00000000da080000)
  to   space 10240K, 0% used [0x00000000da080000,0x00000000da080000,0x00000000daa80000)
 ParOldGen       total 46592K, used 6712K [0x0000000080000000, 0x0000000082d80000, 0x00000000d5580000)
  object space 46592K, 14% used [0x0000000080000000,0x000000008068e3f8,0x0000000082d80000)
 Metaspace       used 28506K, capacity 29310K, committed 29616K, reserved 1075200K
  class space    used 3943K, capacity 4187K, committed 4272K, reserved 1048576K
Event: 7.979 GC heap after
Heap after GC invocations=9 (full 1):
 PSYoungGen      total 76288K, used 8113K [0x00000000d5580000, 0x00000000dab80000, 0x0000000100000000)
  eden space 66048K, 0% used [0x00000000d5580000,0x00000000d5580000,0x00000000d9600000)
  from space 10240K, 79% used [0x00000000da080000,0x00000000da86c628,0x00000000daa80000)
  to   space 10752K, 0% used [0x00000000d9600000,0x00000000d9600000,0x00000000da080000)
 ParOldGen       total 46592K, used 6720K [0x0000000080000000, 0x0000000082d80000, 0x00000000d5580000)
  object space 46592K, 14% used [0x0000000080000000,0x00000000806903f8,0x0000000082d80000)
 Metaspace       used 28506K, capacity 29310K, committed 29616K, reserved 1075200K
  class space    used 3943K, capacity 4187K, committed 4272K, reserved 1048576K
}
Event: 8.805 GC heap before
{Heap before GC invocations=10 (full 1):
 PSYoungGen      total 76288K, used 74161K [0x00000000d5580000, 0x00000000dab80000, 0x0000000100000000)
  eden space 66048K, 100% used [0x00000000d5580000,0x00000000d9600000,0x00000000d9600000)
  from space 10240K, 79% used [0x00000000da080000,0x00000000da86c628,0x00000000daa80000)
  to   space 10752K, 0% used [0x00000000d9600000,0x00000000d9600000,0x00000000da080000)
 ParOldGen       total 46592K, used 6720K [0x0000000080000000, 0x0000000082d80000, 0x00000000d5580000)
  object space 46592K, 14% used [0x0000000080000000,0x00000000806903f8,0x0000000082d80000)
 Metaspace       used 32741K, capacity 33732K, committed 33968K, reserved 1079296K
  class space    used 4467K, capacity 4750K, committed 4784K, reserved 1048576K
Event: 8.819 GC heap after
Heap after GC invocations=10 (full 1):
 PSYoungGen      total 76800K, used 9682K [0x00000000d5580000, 0x00000000dd180000, 0x0000000100000000)
  eden space 66048K, 0% used [0x00000000d5580000,0x00000000d5580000,0x00000000d9600000)
  from space 10752K, 90% used [0x00000000d9600000,0x00000000d9f74828,0x00000000da080000)
  to   space 12288K, 0% used [0x00000000dc580000,0x00000000dc580000,0x00000000dd180000)
 ParOldGen       total 46592K, used 6728K [0x0000000080000000, 0x0000000082d80000, 0x00000000d5580000)
  object space 46592K, 14% used [0x0000000080000000,0x00000000806923f8,0x0000000082d80000)
 Metaspace       used 32741K, capacity 33732K, committed 33968K, reserved 1079296K
  class space    used 4467K, capacity 4750K, committed 4784K, reserved 1048576K
}
Event: 9.325 GC heap before
{Heap before GC invocations=11 (full 1):
 PSYoungGen      total 76800K, used 44198K [0x00000000d5580000, 0x00000000dd180000, 0x0000000100000000)
  eden space 66048K, 52% used [0x00000000d5580000,0x00000000d7735078,0x00000000d9600000)
  from space 10752K, 90% used [0x00000000d9600000,0x00000000d9f74828,0x00000000da080000)
  to   space 12288K, 0% used [0x00000000dc580000,0x00000000dc580000,0x00000000dd180000)
 ParOldGen       total 46592K, used 6728K [0x0000000080000000, 0x0000000082d80000, 0x00000000d5580000)
  object space 46592K, 14% used [0x0000000080000000,0x00000000806923f8,0x0000000082d80000)
 Metaspace       used 34292K, capacity 35412K, committed 35496K, reserved 1079296K
  class space    used 4718K, capacity 5001K, committed 5040K, reserved 1048576K
Event: 9.341 GC heap after
Heap after GC invocations=11 (full 1):
 PSYoungGen      total 112640K, used 5625K [0x00000000d5580000, 0x00000000dd000000, 0x0000000100000000)
  eden space 101888K, 0% used [0x00000000d5580000,0x00000000d5580000,0x00000000db900000)
  from space 10752K, 52% used [0x00000000dc580000,0x00000000dcafe7e8,0x00000000dd000000)
  to   space 11776K, 0% used [0x00000000db900000,0x00000000db900000,0x00000000dc480000)
 ParOldGen       total 46592K, used 9826K [0x0000000080000000, 0x0000000082d80000, 0x00000000d5580000)
  object space 46592K, 21% used [0x0000000080000000,0x00000000809989c0,0x0000000082d80000)
 Metaspace       used 34292K, capacity 35412K, committed 35496K, reserved 1079296K
  class space    used 4718K, capacity 5001K, committed 5040K, reserved 1048576K
}
Event: 9.341 GC heap before
{Heap before GC invocations=12 (full 2):
 PSYoungGen      total 112640K, used 5625K [0x00000000d5580000, 0x00000000dd000000, 0x0000000100000000)
  eden space 101888K, 0% used [0x00000000d5580000,0x00000000d5580000,0x00000000db900000)
  from space 10752K, 52% used [0x00000000dc580000,0x00000000dcafe7e8,0x00000000dd000000)
  to   space 11776K, 0% used [0x00000000db900000,0x00000000db900000,0x00000000dc480000)
 ParOldGen       total 46592K, used 9826K [0x0000000080000000, 0x0000000082d80000, 0x00000000d5580000)
  object space 46592K, 21% used [0x0000000080000000,0x00000000809989c0,0x0000000082d80000)
 Metaspace       used 34292K, capacity 35412K, committed 35496K, reserved 1079296K
  class space    used 4718K, capacity 5001K, committed 5040K, reserved 1048576K
Event: 9.476 GC heap after
Heap after GC invocations=12 (full 2):
 PSYoungGen      total 112640K, used 0K [0x00000000d5580000, 0x00000000dd000000, 0x0000000100000000)
  eden space 101888K, 0% used [0x00000000d5580000,0x00000000d5580000,0x00000000db900000)
  from space 10752K, 0% used [0x00000000dc580000,0x00000000dc580000,0x00000000dd000000)
  to   space 11776K, 0% used [0x00000000db900000,0x00000000db900000,0x00000000dc480000)
 ParOldGen       total 46592K, used 15176K [0x0000000080000000, 0x0000000082d80000, 0x00000000d5580000)
  object space 46592K, 32% used [0x0000000080000000,0x0000000080ed2178,0x0000000082d80000)
 Metaspace       used 34292K, capacity 35412K, committed 35496K, reserved 1079296K
  class space    used 4718K, capacity 5001K, committed 5040K, reserved 1048576K
}
Event: 10.855 GC heap before
{Heap before GC invocations=13 (full 2):
 PSYoungGen      total 112640K, used 101888K [0x00000000d5580000, 0x00000000dd000000, 0x0000000100000000)
  eden space 101888K, 100% used [0x00000000d5580000,0x00000000db900000,0x00000000db900000)
  from space 10752K, 0% used [0x00000000dc580000,0x00000000dc580000,0x00000000dd000000)
  to   space 11776K, 0% used [0x00000000db900000,0x00000000db900000,0x00000000dc480000)
 ParOldGen       total 46592K, used 15176K [0x0000000080000000, 0x0000000082d80000, 0x00000000d5580000)
  object space 46592K, 32% used [0x0000000080000000,0x0000000080ed2178,0x0000000082d80000)
 Metaspace       used 36637K, capacity 38226K, committed 38440K, reserved 1083392K
  class space    used 5017K, capacity 5336K, committed 5424K, reserved 1048576K
Event: 10.865 GC heap after
Heap after GC invocations=13 (full 2):
 PSYoungGen      total 113664K, used 6818K [0x00000000d5580000, 0x00000000dd000000, 0x0000000100000000)
  eden space 101888K, 0% used [0x00000000d5580000,0x00000000d5580000,0x00000000db900000)
  from space 11776K, 57% used [0x00000000db900000,0x00000000dbfa8a18,0x00000000dc480000)
  to   space 10752K, 0% used [0x00000000dc580000,0x00000000dc580000,0x00000000dd000000)
 ParOldGen       total 46592K, used 15184K [0x0000000080000000, 0x0000000082d80000, 0x00000000d5580000)
  object space 46592K, 32% used [0x0000000080000000,0x0000000080ed4178,0x0000000082d80000)
 Metaspace       used 36637K, capacity 38226K, committed 38440K, reserved 1083392K
  class space    used 5017K, capacity 5336K, committed 5424K, reserved 1048576K
}

